<?xml version="1.0" encoding="UTF-8"?>
<testng-results skipped="0" failed="0" total="1" passed="1">
  <reporter-output>
  </reporter-output>
  <suite name="Suite" duration-ms="17493" started-at="2019-03-20T00:56:17Z" finished-at="2019-03-20T00:56:35Z">
    <groups>
    </groups>
    <test name="Test" duration-ms="17493" started-at="2019-03-20T00:56:17Z" finished-at="2019-03-20T00:56:35Z">
      <class name="gitted.baidu">
        <test-method status="PASS" signature="openfirefox()[pri:0, instance:gitted.baidu@449b2d27]" name="openfirefox" duration-ms="17479" started-at="2019-03-20T08:56:17Z" finished-at="2019-03-20T08:56:35Z">
          <reporter-output>
          </reporter-output>
        </test-method> <!-- openfirefox -->
      </class> <!-- gitted.baidu -->
    </test> <!-- Test -->
  </suite> <!-- Suite -->
</testng-results>
